<?xml version="1.0" encoding="UTF-8"?>
<!-- Generated by org.testng.reporters.JUnitReportReporter -->
<testsuite hostname="shariq" failures="0" tests="3" name="parameters.bearer" time="10.454" errors="0" timestamp="2024-11-28T12:00:33 IST" skipped="0">
  <testcase classname="parameters.bearer" name="aBearerToken" time="8.595"/>
  <testcase classname="parameters.bearer" name="bBearerTokenPost" time="0.957"/>
  <testcase classname="parameters.bearer" name="cBearerTokenGet" time="0.902"/>
</testsuite> <!-- parameters.bearer -->
