<?xml version="1.0" encoding="UTF-8"?>
<!-- Generated by org.testng.reporters.JUnitReportReporter -->
<testsuite hostname="shariq" failures="0" tests="1" name="example.getUsers" time="1.819" errors="0" timestamp="2024-11-22T10:45:51 IST" skipped="0">
  <testcase classname="example.getUsers" name="testGetAllUsers" time="1.819"/>
</testsuite> <!-- example.getUsers -->
