<?xml version="1.0" encoding="UTF-8"?>
<!-- Generated by org.testng.reporters.JUnitReportReporter -->
<testsuite hostname="shariq" failures="0" tests="1" name="example.requestChaining" time="3.324" errors="0" timestamp="2024-11-26T10:26:00 IST" skipped="0">
  <testcase classname="example.requestChaining" name="requestTest" time="3.324"/>
</testsuite> <!-- example.requestChaining -->
