<?xml version="1.0" encoding="UTF-8"?>
<!-- Generated by org.testng.reporters.JUnitReportReporter -->
<testsuite hostname="shariq" failures="0" tests="1" name="CompaniesApiTest" time="2.075" errors="0" timestamp="2024-12-11T11:18:14 IST" skipped="0">
  <testcase classname="CompaniesApiTest" name="testExtractCompanyNames" time="2.075"/>
</testsuite> <!-- CompaniesApiTest -->
