<?xml version="1.0" encoding="UTF-8"?>
<!-- Generated by org.testng.reporters.JUnitReportReporter -->
<testsuite hostname="shariq" failures="0" tests="1" name="example.update" time="1.782" errors="0" timestamp="2024-11-22T10:39:11 IST" skipped="0">
  <testcase classname="example.update" name="testUpdate" time="1.782"/>
</testsuite> <!-- example.update -->
