<?xml version="1.0" encoding="UTF-8"?>
<!-- Generated by org.testng.reporters.JUnitReportReporter -->
<testsuite hostname="shariq" failures="0" tests="1" name="admin.MyTest" time="2.824" errors="0" timestamp="2024-12-16T16:06:52 IST" skipped="0">
  <testcase classname="admin.MyTest" name="testMethod1" time="2.824"/>
</testsuite> <!-- admin.MyTest -->
