<?xml version="1.0" encoding="UTF-8"?>
<!-- Generated by org.testng.reporters.JUnitReportReporter -->
<testsuite hostname="shariq" failures="0" tests="1" name="example.testingcomapanies" time="2.458" errors="0" timestamp="2024-11-25T15:26:53 IST" skipped="0">
  <testcase classname="example.testingcomapanies" name="testComp" time="2.458"/>
</testsuite> <!-- example.testingcomapanies -->
