<?xml version="1.0" encoding="UTF-8"?>
<!-- Generated by org.testng.reporters.JUnitReportReporter -->
<testsuite hostname="shariq" failures="0" tests="1" name="example.login" time="1.822" errors="0" timestamp="2024-11-22T10:33:59 IST" skipped="0">
  <testcase classname="example.login" name="testLogin" time="1.822"/>
</testsuite> <!-- example.login -->
