<?xml version="1.0" encoding="UTF-8"?>
<!-- Generated by org.testng.reporters.JUnitReportReporter -->
<testsuite hostname="shariq" failures="0" tests="1" name="example.registerUser" time="1.989" errors="0" timestamp="2024-11-22T10:33:26 IST" skipped="0">
  <testcase classname="example.registerUser" name="RegisterUser" time="1.989"/>
</testsuite> <!-- example.registerUser -->
