<?xml version="1.0" encoding="UTF-8"?>
<!-- Generated by org.testng.reporters.JUnitReportReporter -->
<testsuite hostname="shariq" failures="0" tests="1" name="example.updatePassword" time="1.749" errors="0" timestamp="2024-11-22T10:48:50 IST" skipped="0">
  <testcase classname="example.updatePassword" name="testUpdatePasswords" time="1.749"/>
</testsuite> <!-- example.updatePassword -->
