<?xml version="1.0" encoding="UTF-8"?>
<!-- Generated by org.testng.reporters.JUnitReportReporter -->
<testsuite hostname="shariq" failures="0" tests="1" name="admin.adminTesting" time="1.930" errors="0" timestamp="2024-11-28T14:00:18 IST" skipped="0">
  <testcase classname="admin.adminTesting" name="testLoginAdmin" time="1.930"/>
</testsuite> <!-- admin.adminTesting -->
