<?xml version="1.0" encoding="UTF-8"?>
<!-- Generated by org.testng.reporters.JUnitReportReporter -->
<testsuite hostname="shariq" failures="0" tests="1" name="example.deleteUser" time="1.788" errors="0" timestamp="2024-11-22T10:50:35 IST" skipped="0">
  <testcase classname="example.deleteUser" name="deleteUser" time="1.788"/>
</testsuite> <!-- example.deleteUser -->
