<?xml version="1.0" encoding="UTF-8"?>
<!-- Generated by org.testng.reporters.JUnitReportReporter -->
<testsuite hostname="shariq" failures="0" tests="1" name="example.updateUsername" time="1.914" errors="0" timestamp="2024-11-22T10:46:13 IST" skipped="0">
  <testcase classname="example.updateUsername" name="testUpdateUserName" time="1.914"/>
</testsuite> <!-- example.updateUsername -->
